OSD_CRC_OK_SITE1 52 corr 164.043 norm 709.611 sync 8
OSD_CRC_OK_SITE1 55 corr 75.437 norm 681.889 sync 8
OSD_CRC_OK_SITE1 55 corr 118.873 norm 689.980 sync 7
OSD_CRC_OK_SITE1 48 corr 191.353 norm 682.272 sync 11
OSD_CRC_OK_SITE1 48 corr 191.353 norm 682.272 sync 11
OSD_CRC_OK_SITE1 45 corr 207.505 norm 673.680 sync 9
OSD_CRC_OK_SITE1 50 corr 173.537 norm 705.890 sync 7
OSD_CRC_OK_SITE1 47 corr 248.087 norm 723.413 sync 8
OSD_CRC_OK_SITE1 54 corr 143.670 norm 674.255 sync 8
OSD_CRC_OK_SITE1 57 corr 148.092 norm 673.967 sync 8
OSD_CRC_OK_SITE1 58 corr 157.514 norm 647.402 sync 7
OSD_CRC_OK_SITE1 59 corr 102.159 norm 683.680 sync 7
OSD_CRC_OK_SITE1 55 corr 172.666 norm 664.464 sync 8
OSD_CRC_OK_SITE1 53 corr 105.663 norm 692.829 sync 7
OSD_CRC_OK_SITE1 49 corr 142.937 norm 702.134 sync 9
OSD_CRC_OK_SITE1 57 corr 105.019 norm 679.863 sync 9
OSD_CRC_OK_SITE1 56 corr 92.517 norm 664.867 sync 8
OSD_CRC_OK_SITE1 57 corr 142.602 norm 663.576 sync 8
OSD_CRC_OK_SITE1 53 corr 117.360 norm 686.824 sync 8
OSD_CRC_OK_SITE1 50 corr 216.791 norm 677.302 sync 8
OSD_CRC_OK_SITE1 45 corr 164.275 norm 664.566 sync 7
OSD_CRC_OK_SITE1 60 corr 191.642 norm 678.917 sync 7
OSD_CRC_OK_SITE1 53 corr 155.221 norm 621.722 sync 9
OSD_CRC_OK_SITE1 46 corr 155.401 norm 681.376 sync 9
OSD_CRC_OK_SITE1 49 corr 144.743 norm 700.930 sync 8
OSD_CRC_OK_SITE1 48 corr 181.638 norm 659.872 sync 8
OSD_CRC_OK_SITE1 54 corr 162.492 norm 689.018 sync 7
OSD_CRC_OK_SITE1 53 corr 114.532 norm 687.193 sync 7
OSD_CRC_OK_SITE1 58 corr 122.112 norm 689.836 sync 8
OSD_CRC_OK_SITE1 50 corr 176.351 norm 672.524 sync 8
OSD_CRC_OK_SITE1 47 corr 185.683 norm 671.789 sync 8
OSD_CRC_OK_SITE1 52 corr 142.230 norm 667.174 sync 8
OSD_CRC_OK_SITE1 58 corr 133.263 norm 672.543 sync 8
OSD_CRC_OK_SITE1 46 corr 142.477 norm 688.284 sync 8
OSD_CRC_OK_SITE1 52 corr 147.991 norm 654.278 sync 7
OSD_CRC_OK_SITE1 43 corr 250.773 norm 689.784 sync 7
OSD_CRC_OK_SITE1 49 corr 195.276 norm 666.324 sync 10
OSD_CRC_OK_SITE1 49 corr 195.276 norm 666.324 sync 10
OSD_CRC_OK_SITE1 52 corr 106.054 norm 654.958 sync 9
OSD_CRC_OK_SITE1 50 corr 141.061 norm 668.183 sync 9
OSD_CRC_OK_SITE1 54 corr 153.317 norm 670.413 sync 9
OSD_CRC_OK_SITE1 52 corr 164.561 norm 676.380 sync 8
OSD_CRC_OK_SITE1 44 corr 232.255 norm 704.549 sync 10
OSD_CRC_OK_SITE1 44 corr 232.255 norm 704.549 sync 10
OSD_CRC_OK_SITE1 54 corr 171.256 norm 673.773 sync 7
OSD_CRC_OK_SITE1 58 corr 194.554 norm 655.454 sync 10
OSD_CRC_OK_SITE1 58 corr 194.554 norm 655.454 sync 10
OSD_CRC_OK_SITE1 51 corr 145.871 norm 686.453 sync 7
OSD_CRC_OK_SITE1 49 corr 147.757 norm 691.985 sync 7
OSD_CRC_OK_SITE1 41 corr 189.293 norm 702.888 sync 9
OSD_CRC_OK_SITE1 51 corr 195.378 norm 660.707 sync 9
OSD_CRC_OK_SITE1 54 corr 211.022 norm 690.316 sync 9
OSD_CRC_OK_SITE1 57 corr 121.347 norm 654.981 sync 7
OSD_CRC_OK_SITE1 57 corr 155.142 norm 661.098 sync 7
OSD_CRC_OK_SITE1 60 corr 113.732 norm 654.938 sync 7
OSD_CRC_OK_SITE1 51 corr 169.448 norm 685.980 sync 10
OSD_CRC_OK_SITE1 51 corr 169.448 norm 685.980 sync 10
OSD_CRC_OK_SITE1 48 corr 171.817 norm 687.268 sync 9
OSD_CRC_OK_SITE1 57 corr 93.815 norm 664.107 sync 8
OSD_CRC_OK_SITE1 54 corr 216.204 norm 664.336 sync 8
OSD_CRC_OK_SITE1 51 corr 123.979 norm 655.143 sync 8
OSD_CRC_OK_SITE1 42 corr 201.616 norm 685.205 sync 8
OSD_CRC_OK_SITE1 42 corr 187.171 norm 691.839 sync 7
OSD_CRC_OK_SITE1 50 corr 171.636 norm 695.431 sync 8
OSD_CRC_OK_SITE1 56 corr 128.779 norm 682.316 sync 8
OSD_CRC_OK_SITE1 50 corr 140.628 norm 689.010 sync 8
OSD_CRC_OK_SITE1 56 corr 163.140 norm 670.550 sync 7
OSD_CRC_OK_SITE1 54 corr 207.131 norm 693.956 sync 13
OSD_CRC_OK_SITE1 54 corr 207.131 norm 693.956 sync 13
OSD_CRC_OK_SITE1 44 corr 223.279 norm 677.883 sync 8
OSD_CRC_OK_SITE1 55 corr 73.053 norm 693.643 sync 7
OSD_CRC_OK_SITE1 55 corr 183.234 norm 646.532 sync 7
OSD_CRC_OK_SITE1 55 corr 70.786 norm 689.788 sync 7
OSD_CRC_OK_SITE1 45 corr 233.796 norm 674.944 sync 9
OSD_CRC_OK_SITE1 56 corr 144.521 norm 640.214 sync 9
OSD_CRC_OK_SITE1 47 corr 135.745 norm 695.964 sync 8
OSD_CRC_OK_SITE1 52 corr 136.188 norm 693.913 sync 8
OSD_CRC_OK_SITE1 46 corr 310.521 norm 717.809 sync 8
OSD_CRC_OK_SITE1 55 corr 151.637 norm 660.143 sync 8
OSD_CRC_OK_SITE1 52 corr 256.188 norm 680.321 sync 8
OSD_CRC_OK_SITE1 49 corr 208.482 norm 706.450 sync 8
OSD_CRC_OK_SITE1 55 corr 95.468 norm 681.268 sync 9
OSD_CRC_OK_SITE1 51 corr 195.905 norm 667.966 sync 8
OSD_CRC_OK_SITE1 59 corr 140.621 norm 686.199 sync 8
OSD_CRC_OK_SITE1 51 corr 137.599 norm 655.200 sync 8
OSD_CRC_OK_SITE1 56 corr 142.201 norm 673.515 sync 8
OSD_CRC_OK_SITE1 55 corr 209.285 norm 676.053 sync 8
OSD_CRC_OK_SITE1 51 corr 80.158 norm 660.830 sync 8
OSD_CRC_OK_SITE1 56 corr 91.747 norm 678.926 sync 8
OSD_CRC_OK_SITE1 48 corr 135.979 norm 668.352 sync 7
OSD_CRC_OK_SITE1 59 corr 120.700 norm 664.974 sync 9
OSD_CRC_OK_SITE1 48 corr 196.931 norm 717.237 sync 9
OSD_CRC_OK_SITE1 37 corr 261.755 norm 662.568 sync 8
OSD_CRC_OK_SITE1 50 corr 137.500 norm 655.294 sync 8
OSD_CRC_OK_SITE1 54 corr 158.636 norm 681.783 sync 8
OSD_CRC_OK_SITE1 55 corr 137.722 norm 656.877 sync 7
OSD_CRC_OK_SITE1 48 corr 224.146 norm 700.195 sync 7
OSD_CRC_OK_SITE1 55 corr 134.266 norm 683.352 sync 7
OSD_CRC_OK_SITE1 52 corr 148.370 norm 663.606 sync 7
OSD_CRC_OK_SITE1 42 corr 265.262 norm 687.541 sync 8
OSD_CRC_OK_SITE1 60 corr 98.567 norm 664.962 sync 8
OSD_CRC_OK_SITE1 54 corr 169.025 norm 695.041 sync 7
OSD_CRC_OK_SITE1 50 corr 215.815 norm 717.269 sync 7
OSD_CRC_OK_SITE1 48 corr 203.359 norm 689.342 sync 7
OSD_CRC_OK_SITE1 49 corr 153.285 norm 679.879 sync 8
OSD_CRC_OK_SITE1 52 corr 279.051 norm 658.834 sync 8
OSD_CRC_OK_SITE1 46 corr 231.156 norm 707.793 sync 8
OSD_CRC_OK_SITE1 44 corr 209.955 norm 660.221 sync 8
OSD_CRC_OK_SITE1 45 corr 161.894 norm 710.245 sync 7
OSD_CRC_OK_SITE1 55 corr 108.672 norm 670.828 sync 7
OSD_CRC_OK_SITE1 58 corr 175.954 norm 653.237 sync 9
OSD_CRC_OK_SITE1 56 corr 74.277 norm 657.661 sync 8
OSD_CRC_OK_SITE1 50 corr 166.121 norm 685.250 sync 8
OSD_CRC_OK_SITE1 44 corr 213.291 norm 719.953 sync 8
OSD_CRC_OK_SITE1 55 corr 100.226 norm 665.678 sync 8
OSD_CRC_OK_SITE1 49 corr 113.717 norm 682.915 sync 7
OSD_CRC_OK_SITE1 48 corr 102.433 norm 688.346 sync 7
OSD_CRC_OK_SITE1 56 corr 211.498 norm 674.778 sync 12
OSD_CRC_OK_SITE1 56 corr 211.498 norm 674.778 sync 12
OSD_CRC_OK_SITE1 48 corr 231.260 norm 682.343 sync 8
OSD_CRC_OK_SITE1 50 corr 215.315 norm 668.373 sync 7
OSD_CRC_OK_SITE1 56 corr 99.133 norm 677.657 sync 9
OSD_CRC_OK_SITE1 50 corr 141.627 norm 667.844 sync 8
OSD_CRC_OK_SITE1 59 corr 125.731 norm 673.916 sync 8
OSD_CRC_OK_SITE1 53 corr 87.612 norm 689.353 sync 10
OSD_CRC_OK_SITE1 53 corr 87.612 norm 689.353 sync 10
OSD_CRC_OK_SITE1 56 corr 100.211 norm 700.181 sync 9
OSD_CRC_OK_SITE1 50 corr 147.682 norm 655.137 sync 7
OSD_CRC_OK_SITE1 48 corr 149.378 norm 659.540 sync 7
OSD_CRC_OK_SITE1 51 corr 120.282 norm 673.870 sync 7
OSD_CRC_OK_SITE1 57 corr 186.080 norm 633.559 sync 8
OSD_CRC_OK_SITE1 54 corr 109.939 norm 697.743 sync 7
OSD_CRC_OK_SITE1 54 corr 150.434 norm 670.504 sync 7
OSD_CRC_OK_SITE1 35 corr 316.108 norm 683.574 sync 7
OSD_CRC_OK_SITE1 49 corr 183.787 norm 672.523 sync 7
OSD_CRC_OK_SITE1 59 corr 120.108 norm 679.360 sync 8
OSD_CRC_OK_SITE1 57 corr 124.533 norm 693.082 sync 8
OSD_CRC_OK_SITE1 59 corr 102.718 norm 667.665 sync 7
OSD_CRC_OK_SITE1 53 corr 141.308 norm 681.557 sync 9
OSD_CRC_OK_SITE1 52 corr 177.648 norm 671.406 sync 9
OSD_CRC_OK_SITE1 41 corr 225.936 norm 686.718 sync 8
OSD_CRC_OK_SITE1 51 corr 197.521 norm 671.571 sync 8
OSD_CRC_OK_SITE1 47 corr 199.547 norm 668.324 sync 8
OSD_CRC_OK_SITE1 55 corr 147.739 norm 676.414 sync 8
OSD_CRC_OK_SITE1 53 corr 104.830 norm 669.299 sync 7
OSD_CRC_OK_SITE1 46 corr 175.535 norm 680.825 sync 7
OSD_CRC_OK_SITE1 51 corr 185.303 norm 697.931 sync 8
OSD_CRC_OK_SITE1 59 corr 136.892 norm 650.811 sync 7
OSD_CRC_OK_SITE1 53 corr 128.110 norm 672.200 sync 7
OSD_CRC_OK_SITE1 53 corr 153.322 norm 678.153 sync 10
OSD_CRC_OK_SITE1 53 corr 153.322 norm 678.153 sync 10
OSD_CRC_OK_SITE1 48 corr 167.298 norm 692.533 sync 8
OSD_CRC_OK_SITE1 51 corr 123.427 norm 689.742 sync 8
OSD_CRC_OK_SITE1 49 corr 207.862 norm 709.773 sync 8
OSD_CRC_OK_SITE1 54 corr 147.725 norm 693.946 sync 8
OSD_CRC_OK_SITE1 50 corr 163.047 norm 674.485 sync 7
OSD_CRC_OK_SITE1 45 corr 157.085 norm 676.731 sync 7
OSD_CRC_OK_SITE1 53 corr 102.488 norm 642.357 sync 9
OSD_CRC_OK_SITE1 51 corr 254.483 norm 699.828 sync 9
OSD_CRC_OK_SITE1 48 corr 211.083 norm 715.845 sync 8
OSD_CRC_OK_SITE1 52 corr 92.257 norm 695.984 sync 8
OSD_CRC_OK_SITE1 52 corr 152.630 norm 675.544 sync 8
OSD_CRC_OK_SITE1 59 corr 148.554 norm 676.229 sync 12
OSD_CRC_OK_SITE1 48 corr 244.064 norm 671.361 sync 10
OSD_CRC_OK_SITE1 60 corr 102.505 norm 688.477 sync 10
OSD_CRC_OK_SITE1 59 corr 148.554 norm 676.229 sync 12
OSD_CRC_OK_SITE1 48 corr 244.064 norm 671.361 sync 10
OSD_CRC_OK_SITE1 60 corr 102.505 norm 688.477 sync 10
OSD_CRC_OK_SITE1 52 corr 106.259 norm 677.164 sync 8
OSD_CRC_OK_SITE1 54 corr 95.702 norm 661.268 sync 8
OSD_CRC_OK_SITE1 57 corr 83.332 norm 661.404 sync 7
OSD_CRC_OK_SITE1 60 corr 137.142 norm 689.726 sync 8
OSD_CRC_OK_SITE1 47 corr 235.289 norm 662.470 sync 8
OSD_CRC_OK_SITE1 57 corr 148.751 norm 698.482 sync 7
OSD_CRC_OK_SITE1 57 corr 91.634 norm 677.808 sync 9
OSD_CRC_OK_SITE1 49 corr 259.310 norm 682.040 sync 9
OSD_CRC_OK_SITE1 46 corr 186.400 norm 690.695 sync 8
OSD_CRC_OK_SITE1 45 corr 175.623 norm 694.857 sync 8
OSD_CRC_OK_SITE1 53 corr 148.170 norm 686.020 sync 9
OSD_CRC_OK_SITE1 55 corr 87.346 norm 643.537 sync 9
OSD_CRC_OK_SITE1 43 corr 148.450 norm 665.274 sync 8
OSD_CRC_OK_SITE1 50 corr 167.378 norm 688.824 sync 7
OSD_CRC_OK_SITE1 60 corr 126.010 norm 704.769 sync 7
OSD_CRC_OK_SITE1 57 corr 131.523 norm 692.903 sync 7
OSD_CRC_OK_SITE1 57 corr 260.576 norm 701.926 sync 7
OSD_CRC_OK_SITE1 56 corr 144.797 norm 692.289 sync 7
OSD_CRC_OK_SITE1 52 corr 123.537 norm 680.358 sync 7
OSD_CRC_OK_SITE1 47 corr 179.725 norm 677.711 sync 7
OSD_CRC_OK_SITE1 58 corr 189.779 norm 689.199 sync 7
OSD_CRC_OK_SITE1 56 corr 157.214 norm 685.629 sync 7
OSD_CRC_OK_SITE1 47 corr 166.187 norm 666.736 sync 8
OSD_CRC_OK_SITE1 58 corr 90.410 norm 678.731 sync 8
OSD_CRC_OK_SITE1 52 corr 137.683 norm 689.724 sync 7
OSD_CRC_OK_SITE1 42 corr 234.788 norm 705.673 sync 7
OSD_CRC_OK_SITE1 55 corr 136.004 norm 678.517 sync 9
OSD_CRC_OK_SITE1 59 corr 130.656 norm 664.039 sync 9
OSD_CRC_OK_SITE1 52 corr 215.941 norm 678.562 sync 8
OSD_CRC_OK_SITE1 59 corr 172.254 norm 711.484 sync 8
OSD_CRC_OK_SITE1 48 corr 144.979 norm 681.537 sync 8
OSD_CRC_OK_SITE1 54 corr 114.010 norm 674.207 sync 8
OSD_CRC_OK_SITE1 49 corr 139.924 norm 700.930 sync 7
OSD_CRC_OK_SITE1 44 corr 241.121 norm 676.440 sync 7
OSD_CRC_OK_SITE1 46 corr 169.347 norm 663.923 sync 7
OSD_CRC_OK_SITE1 46 corr 195.181 norm 676.673 sync 7
OSD_CRC_OK_SITE1 48 corr 137.618 norm 699.101 sync 7
