OSD_CRC_OK_SITE1 56 corr 143.365 norm 658.558 sync 9
OSD_CRC_OK_SITE1 47 corr 220.886 norm 675.103 sync 8
OSD_CRC_OK_SITE1 48 corr 234.674 norm 654.852 sync 8
OSD_CRC_OK_SITE1 53 corr 211.782 norm 660.343 sync 8
OSD_CRC_OK_SITE1 56 corr 100.063 norm 661.956 sync 8
OSD_CRC_OK_SITE1 56 corr 92.408 norm 661.439 sync 7
OSD_CRC_OK_SITE1 60 corr 111.308 norm 710.558 sync 7
OSD_CRC_OK_SITE1 52 corr 245.201 norm 655.026 sync 7
OSD_CRC_OK_SITE1 53 corr 246.081 norm 695.276 sync 8
OSD_CRC_OK_SITE1 50 corr 225.446 norm 694.317 sync 8
OSD_CRC_OK_SITE1 53 corr 172.286 norm 679.316 sync 7
OSD_CRC_OK_SITE1 46 corr 249.186 norm 689.417 sync 10
OSD_CRC_OK_SITE1 46 corr 249.186 norm 689.417 sync 10
OSD_CRC_OK_SITE1 53 corr 136.170 norm 664.569 sync 9
OSD_CRC_OK_SITE1 48 corr 188.969 norm 681.059 sync 8
OSD_CRC_OK_SITE1 40 corr 320.850 norm 701.362 sync 8
OSD_CRC_OK_SITE1 46 corr 160.097 norm 707.985 sync 7
OSD_CRC_OK_SITE1 54 corr 159.155 norm 695.633 sync 7
OSD_CRC_OK_SITE1 58 corr 218.837 norm 663.065 sync 7
OSD_CRC_OK_SITE1 56 corr 125.159 norm 647.753 sync 10
OSD_CRC_OK_SITE1 56 corr 125.159 norm 647.753 sync 10
OSD_CRC_OK_SITE1 60 corr 100.650 norm 696.551 sync 9
OSD_CRC_OK_SITE1 47 corr 192.699 norm 652.495 sync 8
OSD_CRC_OK_SITE1 52 corr 142.508 norm 632.845 sync 7
OSD_CRC_OK_SITE1 51 corr 172.343 norm 676.415 sync 7
OSD_CRC_OK_SITE1 46 corr 209.263 norm 682.481 sync 7
OSD_CRC_OK_SITE1 53 corr 101.625 norm 675.671 sync 7
OSD_CRC_OK_SITE1 50 corr 146.187 norm 683.522 sync 10
OSD_CRC_OK_SITE1 50 corr 146.187 norm 683.522 sync 10
OSD_CRC_OK_SITE1 58 corr 144.674 norm 672.116 sync 9
OSD_CRC_OK_SITE1 49 corr 147.454 norm 662.827 sync 8
OSD_CRC_OK_SITE1 50 corr 133.981 norm 682.939 sync 7
OSD_CRC_OK_SITE1 54 corr 200.635 norm 690.462 sync 7
OSD_CRC_OK_SITE1 49 corr 122.152 norm 639.499 sync 7
OSD_CRC_OK_SITE1 47 corr 204.631 norm 671.405 sync 8
OSD_CRC_OK_SITE1 48 corr 176.799 norm 684.921 sync 8
OSD_CRC_OK_SITE1 56 corr 126.310 norm 687.529 sync 8
OSD_CRC_OK_SITE1 54 corr 190.676 norm 633.834 sync 9
OSD_CRC_OK_SITE1 59 corr 97.405 norm 684.503 sync 7
OSD_CRC_OK_SITE1 53 corr 144.207 norm 672.004 sync 7
OSD_CRC_OK_SITE1 52 corr 115.717 norm 750.431 sync 10
OSD_CRC_OK_SITE1 52 corr 115.717 norm 750.431 sync 10
OSD_CRC_OK_SITE1 50 corr 178.065 norm 692.641 sync 8
OSD_CRC_OK_SITE1 57 corr 140.008 norm 627.344 sync 8
OSD_CRC_OK_SITE1 49 corr 190.308 norm 674.842 sync 7
OSD_CRC_OK_SITE1 51 corr 208.191 norm 677.138 sync 10
OSD_CRC_OK_SITE1 51 corr 208.191 norm 677.138 sync 10
OSD_CRC_OK_SITE1 41 corr 192.030 norm 683.476 sync 8
OSD_CRC_OK_SITE1 54 corr 172.312 norm 664.438 sync 8
OSD_CRC_OK_SITE1 52 corr 131.791 norm 710.585 sync 9
OSD_CRC_OK_SITE1 57 corr 199.467 norm 623.519 sync 9
OSD_CRC_OK_SITE1 46 corr 205.416 norm 701.065 sync 8
OSD_CRC_OK_SITE1 47 corr 131.774 norm 683.297 sync 7
OSD_CRC_OK_SITE1 59 corr 131.068 norm 667.824 sync 10
OSD_CRC_OK_SITE1 55 corr 151.318 norm 681.626 sync 10
OSD_CRC_OK_SITE1 59 corr 131.068 norm 667.824 sync 10
OSD_CRC_OK_SITE1 55 corr 151.318 norm 681.626 sync 10
OSD_CRC_OK_SITE1 46 corr 199.942 norm 688.296 sync 9
OSD_CRC_OK_SITE1 60 corr 132.846 norm 661.279 sync 9
OSD_CRC_OK_SITE1 56 corr 171.897 norm 681.611 sync 8
OSD_CRC_OK_SITE1 57 corr 151.016 norm 635.956 sync 8
OSD_CRC_OK_SITE1 37 corr 250.236 norm 704.455 sync 7
OSD_CRC_OK_SITE1 51 corr 224.960 norm 671.290 sync 7
OSD_CRC_OK_SITE1 52 corr 111.308 norm 667.849 sync 9
OSD_CRC_OK_SITE1 49 corr 199.236 norm 695.493 sync 8
OSD_CRC_OK_SITE1 50 corr 104.803 norm 692.790 sync 8
OSD_CRC_OK_SITE1 57 corr 74.700 norm 684.414 sync 8
OSD_CRC_OK_SITE1 51 corr 197.516 norm 687.520 sync 8
OSD_CRC_OK_SITE1 50 corr 182.675 norm 660.440 sync 8
OSD_CRC_OK_SITE1 50 corr 216.277 norm 672.570 sync 8
OSD_CRC_OK_SITE1 51 corr 141.401 norm 685.578 sync 7
OSD_CRC_OK_SITE1 53 corr 94.323 norm 666.679 sync 7
OSD_CRC_OK_SITE1 47 corr 200.892 norm 874.113 sync 7
OSD_CRC_OK_SITE1 42 corr 221.874 norm 693.976 sync 11
OSD_CRC_OK_SITE1 42 corr 221.874 norm 693.976 sync 11
OSD_CRC_OK_SITE1 53 corr 175.683 norm 677.110 sync 9
OSD_CRC_OK_SITE1 57 corr 125.774 norm 669.174 sync 8
OSD_CRC_OK_SITE1 44 corr 245.326 norm 691.925 sync 9
OSD_CRC_OK_SITE1 46 corr 165.987 norm 657.647 sync 9
OSD_CRC_OK_SITE1 57 corr 71.611 norm 677.116 sync 8
OSD_CRC_OK_SITE1 45 corr 189.665 norm 675.208 sync 8
OSD_CRC_OK_SITE1 49 corr 269.348 norm 609.501 sync 7
OSD_CRC_OK_SITE1 50 corr 96.273 norm 672.826 sync 21
OSD_CRC_OK_SITE1 55 corr 185.830 norm 644.040 sync 10
OSD_CRC_OK_SITE1 50 corr 96.273 norm 672.826 sync 21
OSD_CRC_OK_SITE1 55 corr 185.830 norm 644.040 sync 10
OSD_CRC_OK_SITE1 56 corr 236.778 norm 648.508 sync 8
OSD_CRC_OK_SITE1 57 corr 116.802 norm 700.808 sync 8
OSD_CRC_OK_SITE1 52 corr 147.234 norm 690.979 sync 8
OSD_CRC_OK_SITE1 41 corr 174.862 norm 677.030 sync 8
OSD_CRC_OK_SITE1 55 corr 120.062 norm 672.619 sync 8
OSD_CRC_OK_SITE1 43 corr 215.957 norm 693.926 sync 8
